#
# There is insufficient memory for the Java Runtime Environment to continue.
# Native memory allocation (mmap) failed to map 65536 bytes for Failed to commit metaspace.
# Possible reasons:
#   The system is out of physical RAM or swap space
#   The process is running with CompressedOops enabled, and the Java Heap may be blocking the growth of the native heap
# Possible solutions:
#   Reduce memory load on the system
#   Increase physical memory or swap space
#   Check if swap backing store is full
#   Decrease Java heap size (-Xmx/-Xms)
#   Decrease number of Java threads
#   Decrease Java thread stack sizes (-Xss)
#   Set larger code cache with -XX:ReservedCodeCacheSize=
#   JVM is running with Unscaled Compressed Oops mode in which the Java heap is
#     placed in the first 4GB address space. The Java Heap base address is the
#     maximum limit for the native heap growth. Please use -XX:HeapBaseMinAddress
#     to set the Java Heap base and to place the Java Heap above 4GB virtual address.
# This output file may be truncated or incomplete.
#
#  Out of Memory Error (virtualSpaceNode.cpp:110), pid=7856, tid=8908
#
# JRE version: OpenJDK Runtime Environment Temurin-17.0.1+12 (17.0.1+12) (build 17.0.1+12)
# Java VM: OpenJDK 64-Bit Server VM Temurin-17.0.1+12 (17.0.1+12, mixed mode, tiered, compressed oops, compressed class ptrs, g1 gc, windows-amd64)
# No core dump will be written. Minidumps are not enabled by default on client versions of Windows
#

---------------  S U M M A R Y ------------

Command Line: -ea -Dfile.encoding=UTF-8 -XX:+ShowCodeDetailsInExceptionMessages org.eclipse.jdt.internal.junit.runner.RemoteTestRunner -version 3 -port 54800 -testLoaderClass org.eclipse.jdt.internal.junit5.runner.JUnit5TestLoader -loaderpluginname org.eclipse.jdt.junit5.runtime -classNames com.example.blogpessoal.controller.UsuarioControllerTest

Host: Intel(R) Core(TM) i5-7200U CPU @ 2.50GHz, 4 cores, 7G,  Windows 10 , 64 bit Build 19041 (10.0.19041.1645)
Time: Fri May 13 14:44:27 2022 Hora oficial do Brasil elapsed time: 0.589985 seconds (0d 0h 0m 0s)

---------------  T H R E A D  ---------------

Current thread (0x000001f5088ce8d0):  JavaThread "main" [_thread_in_vm, id=8908, stack(0x000000b6e6d00000,0x000000b6e6e00000)]

Stack: [0x000000b6e6d00000,0x000000b6e6e00000]
Native frames: (J=compiled Java code, j=interpreted, Vv=VM code, C=native code)
V  [jvm.dll+0x6744da]
V  [jvm.dll+0x82e144]
V  [jvm.dll+0x82f8ee]
V  [jvm.dll+0x82ff53]
V  [jvm.dll+0x245175]
V  [jvm.dll+0x82a0eb]
V  [jvm.dll+0x619566]
V  [jvm.dll+0x6195ca]
V  [jvm.dll+0x61bdea]
V  [jvm.dll+0x619f06]
V  [jvm.dll+0x623b87]
V  [jvm.dll+0x1e9e4b]
V  [jvm.dll+0x1ea385]
V  [jvm.dll+0x1eadbf]
V  [jvm.dll+0x1e0261]
V  [jvm.dll+0x53b150]
V  [jvm.dll+0x1f0a57]
V  [jvm.dll+0x7a87ab]
V  [jvm.dll+0x7a9b52]
V  [jvm.dll+0x7a9e88]
V  [jvm.dll+0x23d45e]
V  [jvm.dll+0x37e5ae]
C  0x000001f50e08b6e4

Java frames: (J=compiled Java code, j=interpreted, Vv=VM code)
j  java.net.InetAddress.<clinit>()V+102 java.base@17.0.1
v  ~StubRoutines::call_stub
j  java.net.InetSocketAddress.<init>(Ljava/lang/String;I)V+15 java.base@17.0.1
j  java.net.Socket.<init>(Ljava/lang/String;I)V+11 java.base@17.0.1
j  org.eclipse.jdt.internal.junit.runner.RemoteTestRunner.connect()Z+134
j  org.eclipse.jdt.internal.junit.runner.RemoteTestRunner.run()V+1
j  org.eclipse.jdt.internal.junit.runner.RemoteTestRunner.main([Ljava/lang/String;)V+14
v  ~StubRoutines::call_stub

---------------  P R O C E S S  ---------------

Threads class SMR info:
_java_thread_list=0x000001f524d87930, length=13, elements={
0x000001f5088ce8d0, 0x000001f5240572f0, 0x000001f5240582f0, 0x000001f5240a15f0,
0x000001f5240b2dc0, 0x000001f5240b4690, 0x000001f524c00080, 0x000001f524c04170,
0x000001f524c0db40, 0x000001f524c1ec00, 0x000001f524d84b60, 0x000001f524da9410,
0x000001f524e8a410
}

Java Threads: ( => current thread )
=>0x000001f5088ce8d0 JavaThread "main" [_thread_in_vm, id=8908, stack(0x000000b6e6d00000,0x000000b6e6e00000)]
  0x000001f5240572f0 JavaThread "Reference Handler" daemon [_thread_blocked, id=6040, stack(0x000000b6e7400000,0x000000b6e7500000)]
  0x000001f5240582f0 JavaThread "Finalizer" daemon [_thread_blocked, id=6740, stack(0x000000b6e7500000,0x000000b6e7600000)]
  0x000001f5240a15f0 JavaThread "Signal Dispatcher" daemon [_thread_blocked, id=9308, stack(0x000000b6e7600000,0x000000b6e7700000)]
  0x000001f5240b2dc0 JavaThread "Attach Listener" daemon [_thread_blocked, id=2604, stack(0x000000b6e7700000,0x000000b6e7800000)]
  0x000001f5240b4690 JavaThread "Service Thread" daemon [_thread_blocked, id=9368, stack(0x000000b6e7800000,0x000000b6e7900000)]
  0x000001f524c00080 JavaThread "Monitor Deflation Thread" daemon [_thread_blocked, id=1532, stack(0x000000b6e7900000,0x000000b6e7a00000)]
  0x000001f524c04170 JavaThread "C2 CompilerThread0" daemon [_thread_blocked, id=14288, stack(0x000000b6e7a00000,0x000000b6e7b00000)]
  0x000001f524c0db40 JavaThread "C1 CompilerThread0" daemon [_thread_blocked, id=10608, stack(0x000000b6e7b00000,0x000000b6e7c00000)]
  0x000001f524c1ec00 JavaThread "Sweeper thread" daemon [_thread_blocked, id=12232, stack(0x000000b6e7c00000,0x000000b6e7d00000)]
  0x000001f524d84b60 JavaThread "Notification Thread" daemon [_thread_blocked, id=8264, stack(0x000000b6e7d00000,0x000000b6e7e00000)]
  0x000001f524da9410 JavaThread "Common-Cleaner" daemon [_thread_blocked, id=10320, stack(0x000000b6e7f00000,0x000000b6e8000000)]
  0x000001f524e8a410 JavaThread "C2 CompilerThread1" daemon [_thread_blocked, id=9480, stack(0x000000b6e8100000,0x000000b6e8200000)]

Other Threads:
  0x000001f5240507a0 VMThread "VM Thread" [stack: 0x000000b6e7300000,0x000000b6e7400000] [id=7220]
  0x000001f524d85030 WatcherThread [stack: 0x000000b6e7e00000,0x000000b6e7f00000] [id=10436]
  0x000001f50aa11380 GCTaskThread "GC Thread#0" [stack: 0x000000b6e6e00000,0x000000b6e6f00000] [id=2064]
  0x000001f50aa225f0 ConcurrentGCThread "G1 Main Marker" [stack: 0x000000b6e6f00000,0x000000b6e7000000] [id=5876]
  0x000001f50aa22f10 ConcurrentGCThread "G1 Conc#0" [stack: 0x000000b6e7000000,0x000000b6e7100000] [id=1920]
  0x000001f50aa9ae20 ConcurrentGCThread "G1 Refine#0" [stack: 0x000000b6e7100000,0x000000b6e7200000] [id=7156]
  0x000001f50aa9b750 ConcurrentGCThread "G1 Service" [stack: 0x000000b6e7200000,0x000000b6e7300000] [id=10856]

Threads with active compile tasks:

VM state: not at safepoint (normal execution)

VM Mutex/Monitor currently owned by a thread:  ([mutex/lock_event])
[0x000001f50a9ce330] Metaspace_lock - owner thread: 0x000001f5088ce8d0

Heap address: 0x0000000081c00000, size: 2020 MB, Compressed Oops mode: 32-bit

CDS archive(s) not mapped
Compressed class space mapped at: 0x0000000100000000-0x0000000140000000, reserved size: 1073741824
Narrow klass base: 0x0000000000000000, Narrow klass shift: 3, Narrow klass range: 0x140000000

GC Precious Log:
 CPUs: 4 total, 4 available
 Memory: 8073M
 Large Page Support: Disabled
 NUMA Support: Disabled
 Compressed Oops: Enabled (32-bit)
 Heap Region Size: 1M
 Heap Min Capacity: 8M
 Heap Initial Capacity: 128M
 Heap Max Capacity: 2020M
 Pre-touch: Disabled
 Parallel Workers: 4
 Concurrent Workers: 1
 Concurrent Refinement Workers: 4
 Periodic GC: Disabled

Heap:
 garbage-first heap   total 131072K, used 10240K [0x0000000081c00000, 0x0000000100000000)
  region size 1024K, 11 young (11264K), 0 survivors (0K)
 Metaspace       used 7729K, committed 7808K, reserved 1056768K
  class space    used 674K, committed 704K, reserved 1048576K

Heap Regions: E=young(eden), S=young(survivor), O=old, HS=humongous(starts), HC=humongous(continues), CS=collection set, F=free, OA=open archive, CA=closed archive, TAMS=top-at-mark-start (previous, next)
|   0|0x0000000081c00000, 0x0000000081d00000, 0x0000000081d00000|100%|HS|  |TAMS 0x0000000081c00000, 0x0000000081c00000| Complete 
|   1|0x0000000081d00000, 0x0000000081d00000, 0x0000000081e00000|  0%| F|  |TAMS 0x0000000081d00000, 0x0000000081d00000| Untracked 
|   2|0x0000000081e00000, 0x0000000081e00000, 0x0000000081f00000|  0%| F|  |TAMS 0x0000000081e00000, 0x0000000081e00000| Untracked 
|   3|0x0000000081f00000, 0x0000000081f00000, 0x0000000082000000|  0%| F|  |TAMS 0x0000000081f00000, 0x0000000081f00000| Untracked 
|   4|0x0000000082000000, 0x0000000082000000, 0x0000000082100000|  0%| F|  |TAMS 0x0000000082000000, 0x0000000082000000| Untracked 
|   5|0x0000000082100000, 0x0000000082100000, 0x0000000082200000|  0%| F|  |TAMS 0x0000000082100000, 0x0000000082100000| Untracked 
|   6|0x0000000082200000, 0x0000000082200000, 0x0000000082300000|  0%| F|  |TAMS 0x0000000082200000, 0x0000000082200000| Untracked 
|   7|0x0000000082300000, 0x0000000082300000, 0x0000000082400000|  0%| F|  |TAMS 0x0000000082300000, 0x0000000082300000| Untracked 
|   8|0x0000000082400000, 0x0000000082400000, 0x0000000082500000|  0%| F|  |TAMS 0x0000000082400000, 0x0000000082400000| Untracked 
|   9|0x0000000082500000, 0x0000000082500000, 0x0000000082600000|  0%| F|  |TAMS 0x0000000082500000, 0x0000000082500000| Untracked 
|  10|0x0000000082600000, 0x0000000082600000, 0x0000000082700000|  0%| F|  |TAMS 0x0000000082600000, 0x0000000082600000| Untracked 
|  11|0x0000000082700000, 0x0000000082700000, 0x0000000082800000|  0%| F|  |TAMS 0x0000000082700000, 0x0000000082700000| Untracked 
|  12|0x0000000082800000, 0x0000000082800000, 0x0000000082900000|  0%| F|  |TAMS 0x0000000082800000, 0x0000000082800000| Untracked 
|  13|0x0000000082900000, 0x0000000082900000, 0x0000000082a00000|  0%| F|  |TAMS 0x0000000082900000, 0x0000000082900000| Untracked 
|  14|0x0000000082a00000, 0x0000000082a00000, 0x0000000082b00000|  0%| F|  |TAMS 0x0000000082a00000, 0x0000000082a00000| Untracked 
|  15|0x0000000082b00000, 0x0000000082b00000, 0x0000000082c00000|  0%| F|  |TAMS 0x0000000082b00000, 0x0000000082b00000| Untracked 
|  16|0x0000000082c00000, 0x0000000082c00000, 0x0000000082d00000|  0%| F|  |TAMS 0x0000000082c00000, 0x0000000082c00000| Untracked 
|  17|0x0000000082d00000, 0x0000000082d00000, 0x0000000082e00000|  0%| F|  |TAMS 0x0000000082d00000, 0x0000000082d00000| Untracked 
|  18|0x0000000082e00000, 0x0000000082e00000, 0x0000000082f00000|  0%| F|  |TAMS 0x0000000082e00000, 0x0000000082e00000| Untracked 
|  19|0x0000000082f00000, 0x0000000082f00000, 0x0000000083000000|  0%| F|  |TAMS 0x0000000082f00000, 0x0000000082f00000| Untracked 
|  20|0x0000000083000000, 0x0000000083000000, 0x0000000083100000|  0%| F|  |TAMS 0x0000000083000000, 0x0000000083000000| Untracked 
|  21|0x0000000083100000, 0x0000000083100000, 0x0000000083200000|  0%| F|  |TAMS 0x0000000083100000, 0x0000000083100000| Untracked 
|  22|0x0000000083200000, 0x0000000083200000, 0x0000000083300000|  0%| F|  |TAMS 0x0000000083200000, 0x0000000083200000| Untracked 
|  23|0x0000000083300000, 0x0000000083300000, 0x0000000083400000|  0%| F|  |TAMS 0x0000000083300000, 0x0000000083300000| Untracked 
|  24|0x0000000083400000, 0x0000000083400000, 0x0000000083500000|  0%| F|  |TAMS 0x0000000083400000, 0x0000000083400000| Untracked 
|  25|0x0000000083500000, 0x0000000083500000, 0x0000000083600000|  0%| F|  |TAMS 0x0000000083500000, 0x0000000083500000| Untracked 
|  26|0x0000000083600000, 0x0000000083600000, 0x0000000083700000|  0%| F|  |TAMS 0x0000000083600000, 0x0000000083600000| Untracked 
|  27|0x0000000083700000, 0x0000000083700000, 0x0000000083800000|  0%| F|  |TAMS 0x0000000083700000, 0x0000000083700000| Untracked 
|  28|0x0000000083800000, 0x0000000083800000, 0x0000000083900000|  0%| F|  |TAMS 0x0000000083800000, 0x0000000083800000| Untracked 
|  29|0x0000000083900000, 0x0000000083900000, 0x0000000083a00000|  0%| F|  |TAMS 0x0000000083900000, 0x0000000083900000| Untracked 
|  30|0x0000000083a00000, 0x0000000083a00000, 0x0000000083b00000|  0%| F|  |TAMS 0x0000000083a00000, 0x0000000083a00000| Untracked 
|  31|0x0000000083b00000, 0x0000000083b00000, 0x0000000083c00000|  0%| F|  |TAMS 0x0000000083b00000, 0x0000000083b00000| Untracked 
|  32|0x0000000083c00000, 0x0000000083c00000, 0x0000000083d00000|  0%| F|  |TAMS 0x0000000083c00000, 0x0000000083c00000| Untracked 
|  33|0x0000000083d00000, 0x0000000083d00000, 0x0000000083e00000|  0%| F|  |TAMS 0x0000000083d00000, 0x0000000083d00000| Untracked 
|  34|0x0000000083e00000, 0x0000000083e00000, 0x0000000083f00000|  0%| F|  |TAMS 0x0000000083e00000, 0x0000000083e00000| Untracked 
|  35|0x0000000083f00000, 0x0000000083f00000, 0x0000000084000000|  0%| F|  |TAMS 0x0000000083f00000, 0x0000000083f00000| Untracked 
|  36|0x0000000084000000, 0x0000000084000000, 0x0000000084100000|  0%| F|  |TAMS 0x0000000084000000, 0x0000000084000000| Untracked 
|  37|0x0000000084100000, 0x0000000084100000, 0x0000000084200000|  0%| F|  |TAMS 0x0000000084100000, 0x0000000084100000| Untracked 
|  38|0x0000000084200000, 0x0000000084200000, 0x0000000084300000|  0%| F|  |TAMS 0x0000000084200000, 0x0000000084200000| Untracked 
|  39|0x0000000084300000, 0x0000000084300000, 0x0000000084400000|  0%| F|  |TAMS 0x0000000084300000, 0x0000000084300000| Untracked 
|  40|0x0000000084400000, 0x0000000084400000, 0x0000000084500000|  0%| F|  |TAMS 0x0000000084400000, 0x0000000084400000| Untracked 
|  41|0x0000000084500000, 0x0000000084500000, 0x0000000084600000|  0%| F|  |TAMS 0x0000000084500000, 0x0000000084500000| Untracked 
|  42|0x0000000084600000, 0x0000000084600000, 0x0000000084700000|  0%| F|  |TAMS 0x0000000084600000, 0x0000000084600000| Untracked 
|  43|0x0000000084700000, 0x0000000084700000, 0x0000000084800000|  0%| F|  |TAMS 0x0000000084700000, 0x0000000084700000| Untracked 
|  44|0x0000000084800000, 0x0000000084800000, 0x0000000084900000|  0%| F|  |TAMS 0x0000000084800000, 0x0000000084800000| Untracked 
|  45|0x0000000084900000, 0x0000000084900000, 0x0000000084a00000|  0%| F|  |TAMS 0x0000000084900000, 0x0000000084900000| Untracked 
|  46|0x0000000084a00000, 0x0000000084a00000, 0x0000000084b00000|  0%| F|  |TAMS 0x0000000084a00000, 0x0000000084a00000| Untracked 
|  47|0x0000000084b00000, 0x0000000084b00000, 0x0000000084c00000|  0%| F|  |TAMS 0x0000000084b00000, 0x0000000084b00000| Untracked 
|  48|0x0000000084c00000, 0x0000000084c00000, 0x0000000084d00000|  0%| F|  |TAMS 0x0000000084c00000, 0x0000000084c00000| Untracked 
|  49|0x0000000084d00000, 0x0000000084d00000, 0x0000000084e00000|  0%| F|  |TAMS 0x0000000084d00000, 0x0000000084d00000| Untracked 
|  50|0x0000000084e00000, 0x0000000084e00000, 0x0000000084f00000|  0%| F|  |TAMS 0x0000000084e00000, 0x0000000084e00000| Untracked 
|  51|0x0000000084f00000, 0x0000000084f00000, 0x0000000085000000|  0%| F|  |TAMS 0x0000000084f00000, 0x0000000084f00000| Untracked 
|  52|0x0000000085000000, 0x0000000085000000, 0x0000000085100000|  0%| F|  |TAMS 0x0000000085000000, 0x0000000085000000| Untracked 
|  53|0x0000000085100000, 0x0000000085100000, 0x0000000085200000|  0%| F|  |TAMS 0x0000000085100000, 0x0000000085100000| Untracked 
|  54|0x0000000085200000, 0x0000000085200000, 0x0000000085300000|  0%| F|  |TAMS 0x0000000085200000, 0x0000000085200000| Untracked 
|  55|0x0000000085300000, 0x0000000085300000, 0x0000000085400000|  0%| F|  |TAMS 0x0000000085300000, 0x0000000085300000| Untracked 
|  56|0x0000000085400000, 0x0000000085400000, 0x0000000085500000|  0%| F|  |TAMS 0x0000000085400000, 0x0000000085400000| Untracked 
|  57|0x0000000085500000, 0x0000000085500000, 0x0000000085600000|  0%| F|  |TAMS 0x0000000085500000, 0x0000000085500000| Untracked 
|  58|0x0000000085600000, 0x0000000085600000, 0x0000000085700000|  0%| F|  |TAMS 0x0000000085600000, 0x0000000085600000| Untracked 
|  59|0x0000000085700000, 0x0000000085700000, 0x0000000085800000|  0%| F|  |TAMS 0x0000000085700000, 0x0000000085700000| Untracked 
|  60|0x0000000085800000, 0x0000000085800000, 0x0000000085900000|  0%| F|  |TAMS 0x0000000085800000, 0x0000000085800000| Untracked 
|  61|0x0000000085900000, 0x0000000085900000, 0x0000000085a00000|  0%| F|  |TAMS 0x0000000085900000, 0x0000000085900000| Untracked 
|  62|0x0000000085a00000, 0x0000000085a00000, 0x0000000085b00000|  0%| F|  |TAMS 0x0000000085a00000, 0x0000000085a00000| Untracked 
|  63|0x0000000085b00000, 0x0000000085b00000, 0x0000000085c00000|  0%| F|  |TAMS 0x0000000085b00000, 0x0000000085b00000| Untracked 
|  64|0x0000000085c00000, 0x0000000085c00000, 0x0000000085d00000|  0%| F|  |TAMS 0x0000000085c00000, 0x0000000085c00000| Untracked 
|  65|0x0000000085d00000, 0x0000000085d00000, 0x0000000085e00000|  0%| F|  |TAMS 0x0000000085d00000, 0x0000000085d00000| Untracked 
|  66|0x0000000085e00000, 0x0000000085e00000, 0x0000000085f00000|  0%| F|  |TAMS 0x0000000085e00000, 0x0000000085e00000| Untracked 
|  67|0x0000000085f00000, 0x0000000085f00000, 0x0000000086000000|  0%| F|  |TAMS 0x0000000085f00000, 0x0000000085f00000| Untracked 
|  68|0x0000000086000000, 0x0000000086000000, 0x0000000086100000|  0%| F|  |TAMS 0x0000000086000000, 0x0000000086000000| Untracked 
|  69|0x0000000086100000, 0x0000000086100000, 0x0000000086200000|  0%| F|  |TAMS 0x0000000086100000, 0x0000000086100000| Untracked 
|  70|0x0000000086200000, 0x0000000086200000, 0x0000000086300000|  0%| F|  |TAMS 0x0000000086200000, 0x0000000086200000| Untracked 
|  71|0x0000000086300000, 0x0000000086300000, 0x0000000086400000|  0%| F|  |TAMS 0x0000000086300000, 0x0000000086300000| Untracked 
|  72|0x0000000086400000, 0x0000000086400000, 0x0000000086500000|  0%| F|  |TAMS 0x0000000086400000, 0x0000000086400000| Untracked 
|  73|0x0000000086500000, 0x0000000086500000, 0x0000000086600000|  0%| F|  |TAMS 0x0000000086500000, 0x0000000086500000| Untracked 
|  74|0x0000000086600000, 0x0000000086600000, 0x0000000086700000|  0%| F|  |TAMS 0x0000000086600000, 0x0000000086600000| Untracked 
|  75|0x0000000086700000, 0x0000000086700000, 0x0000000086800000|  0%| F|  |TAMS 0x0000000086700000, 0x0000000086700000| Untracked 
|  76|0x0000000086800000, 0x0000000086800000, 0x0000000086900000|  0%| F|  |TAMS 0x0000000086800000, 0x0000000086800000| Untracked 
|  77|0x0000000086900000, 0x0000000086900000, 0x0000000086a00000|  0%| F|  |TAMS 0x0000000086900000, 0x0000000086900000| Untracked 
|  78|0x0000000086a00000, 0x0000000086a00000, 0x0000000086b00000|  0%| F|  |TAMS 0x0000000086a00000, 0x0000000086a00000| Untracked 
|  79|0x0000000086b00000, 0x0000000086b00000, 0x0000000086c00000|  0%| F|  |TAMS 0x0000000086b00000, 0x0000000086b00000| Untracked 
|  80|0x0000000086c00000, 0x0000000086c00000, 0x0000000086d00000|  0%| F|  |TAMS 0x0000000086c00000, 0x0000000086c00000| Untracked 
|  81|0x0000000086d00000, 0x0000000086d00000, 0x0000000086e00000|  0%| F|  |TAMS 0x0000000086d00000, 0x0000000086d00000| Untracked 
|  82|0x0000000086e00000, 0x0000000086e00000, 0x0000000086f00000|  0%| F|  |TAMS 0x0000000086e00000, 0x0000000086e00000| Untracked 
|  83|0x0000000086f00000, 0x0000000086f00000, 0x0000000087000000|  0%| F|  |TAMS 0x0000000086f00000, 0x0000000086f00000| Untracked 
|  84|0x0000000087000000, 0x0000000087000000, 0x0000000087100000|  0%| F|  |TAMS 0x0000000087000000, 0x0000000087000000| Untracked 
|  85|0x0000000087100000, 0x0000000087100000, 0x0000000087200000|  0%| F|  |TAMS 0x0000000087100000, 0x0000000087100000| Untracked 
|  86|0x0000000087200000, 0x0000000087200000, 0x0000000087300000|  0%| F|  |TAMS 0x0000000087200000, 0x0000000087200000| Untracked 
|  87|0x0000000087300000, 0x0000000087300000, 0x0000000087400000|  0%| F|  |TAMS 0x0000000087300000, 0x0000000087300000| Untracked 
|  88|0x0000000087400000, 0x0000000087400000, 0x0000000087500000|  0%| F|  |TAMS 0x0000000087400000, 0x0000000087400000| Untracked 
|  89|0x0000000087500000, 0x0000000087500000, 0x0000000087600000|  0%| F|  |TAMS 0x0000000087500000, 0x0000000087500000| Untracked 
|  90|0x0000000087600000, 0x0000000087600000, 0x0000000087700000|  0%| F|  |TAMS 0x0000000087600000, 0x0000000087600000| Untracked 
|  91|0x0000000087700000, 0x0000000087700000, 0x0000000087800000|  0%| F|  |TAMS 0x0000000087700000, 0x0000000087700000| Untracked 
|  92|0x0000000087800000, 0x0000000087800000, 0x0000000087900000|  0%| F|  |TAMS 0x0000000087800000, 0x0000000087800000| Untracked 
|  93|0x0000000087900000, 0x0000000087900000, 0x0000000087a00000|  0%| F|  |TAMS 0x0000000087900000, 0x0000000087900000| Untracked 
|  94|0x0000000087a00000, 0x0000000087a00000, 0x0000000087b00000|  0%| F|  |TAMS 0x0000000087a00000, 0x0000000087a00000| Untracked 
|  95|0x0000000087b00000, 0x0000000087b00000, 0x0000000087c00000|  0%| F|  |TAMS 0x0000000087b00000, 0x0000000087b00000| Untracked 
|  96|0x0000000087c00000, 0x0000000087c00000, 0x0000000087d00000|  0%| F|  |TAMS 0x0000000087c00000, 0x0000000087c00000| Untracked 
|  97|0x0000000087d00000, 0x0000000087d00000, 0x0000000087e00000|  0%| F|  |TAMS 0x0000000087d00000, 0x0000000087d00000| Untracked 
|  98|0x0000000087e00000, 0x0000000087e00000, 0x0000000087f00000|  0%| F|  |TAMS 0x0000000087e00000, 0x0000000087e00000| Untracked 
|  99|0x0000000087f00000, 0x0000000087f00000, 0x0000000088000000|  0%| F|  |TAMS 0x0000000087f00000, 0x0000000087f00000| Untracked 
| 100|0x0000000088000000, 0x0000000088000000, 0x0000000088100000|  0%| F|  |TAMS 0x0000000088000000, 0x0000000088000000| Untracked 
| 101|0x0000000088100000, 0x0000000088100000, 0x0000000088200000|  0%| F|  |TAMS 0x0000000088100000, 0x0000000088100000| Untracked 
| 102|0x0000000088200000, 0x0000000088200000, 0x0000000088300000|  0%| F|  |TAMS 0x0000000088200000, 0x0000000088200000| Untracked 
| 103|0x0000000088300000, 0x0000000088300000, 0x0000000088400000|  0%| F|  |TAMS 0x0000000088300000, 0x0000000088300000| Untracked 
| 104|0x0000000088400000, 0x0000000088400000, 0x0000000088500000|  0%| F|  |TAMS 0x0000000088400000, 0x0000000088400000| Untracked 
| 105|0x0000000088500000, 0x0000000088500000, 0x0000000088600000|  0%| F|  |TAMS 0x0000000088500000, 0x0000000088500000| Untracked 
| 106|0x0000000088600000, 0x0000000088600000, 0x0000000088700000|  0%| F|  |TAMS 0x0000000088600000, 0x0000000088600000| Untracked 
| 107|0x0000000088700000, 0x0000000088700000, 0x0000000088800000|  0%| F|  |TAMS 0x0000000088700000, 0x0000000088700000| Untracked 
| 108|0x0000000088800000, 0x0000000088800000, 0x0000000088900000|  0%| F|  |TAMS 0x0000000088800000, 0x0000000088800000| Untracked 
| 109|0x0000000088900000, 0x0000000088900000, 0x0000000088a00000|  0%| F|  |TAMS 0x0000000088900000, 0x0000000088900000| Untracked 
| 110|0x0000000088a00000, 0x0000000088a00000, 0x0000000088b00000|  0%| F|  |TAMS 0x0000000088a00000, 0x0000000088a00000| Untracked 
| 111|0x0000000088b00000, 0x0000000088b00000, 0x0000000088c00000|  0%| F|  |TAMS 0x0000000088b00000, 0x0000000088b00000| Untracked 
| 112|0x0000000088c00000, 0x0000000088c00000, 0x0000000088d00000|  0%| F|  |TAMS 0x0000000088c00000, 0x0000000088c00000| Untracked 
| 113|0x0000000088d00000, 0x0000000088d00000, 0x0000000088e00000|  0%| F|  |TAMS 0x0000000088d00000, 0x0000000088d00000| Untracked 
| 114|0x0000000088e00000, 0x0000000088e00000, 0x0000000088f00000|  0%| F|  |TAMS 0x0000000088e00000, 0x0000000088e00000| Untracked 
| 115|0x0000000088f00000, 0x0000000088f00000, 0x0000000089000000|  0%| F|  |TAMS 0x0000000088f00000, 0x0000000088f00000| Untracked 
| 116|0x0000000089000000, 0x0000000089000000, 0x0000000089100000|  0%| F|  |TAMS 0x0000000089000000, 0x0000000089000000| Untracked 
| 117|0x0000000089100000, 0x00000000891431b8, 0x0000000089200000| 26%| E|  |TAMS 0x0000000089100000, 0x0000000089100000| Complete 
| 118|0x0000000089200000, 0x0000000089300000, 0x0000000089300000|100%| E|CS|TAMS 0x0000000089200000, 0x0000000089200000| Complete 
| 119|0x0000000089300000, 0x0000000089400000, 0x0000000089400000|100%| E|CS|TAMS 0x0000000089300000, 0x0000000089300000| Complete 
| 120|0x0000000089400000, 0x0000000089500000, 0x0000000089500000|100%| E|CS|TAMS 0x0000000089400000, 0x0000000089400000| Complete 
| 121|0x0000000089500000, 0x0000000089600000, 0x0000000089600000|100%| E|  |TAMS 0x0000000089500000, 0x0000000089500000| Complete 
| 122|0x0000000089600000, 0x0000000089700000, 0x0000000089700000|100%| E|CS|TAMS 0x0000000089600000, 0x0000000089600000| Complete 
| 123|0x0000000089700000, 0x0000000089800000, 0x0000000089800000|100%| E|CS|TAMS 0x0000000089700000, 0x0000000089700000| Complete 
| 124|0x0000000089800000, 0x0000000089900000, 0x0000000089900000|100%| E|CS|TAMS 0x0000000089800000, 0x0000000089800000| Complete 
| 125|0x0000000089900000, 0x0000000089a00000, 0x0000000089a00000|100%| E|CS|TAMS 0x0000000089900000, 0x0000000089900000| Complete 
| 126|0x0000000089a00000, 0x0000000089b00000, 0x0000000089b00000|100%| E|CS|TAMS 0x0000000089a00000, 0x0000000089a00000| Complete 
| 127|0x0000000089b00000, 0x0000000089c00000, 0x0000000089c00000|100%| E|CS|TAMS 0x0000000089b00000, 0x0000000089b00000| Complete 

Card table byte_map: [0x000001f51d470000,0x000001f51d870000] _byte_map_base: 0x000001f51d062000

Marking Bits (Prev, Next): (CMBitMap*) 0x000001f50aa118a0, (CMBitMap*) 0x000001f50aa118e0
 Prev Bits: [0x000001f51dc70000, 0x000001f51fc00000)
 Next Bits: [0x000001f51fc00000, 0x000001f521b90000)

Polling page: 0x000001f5089c0000

Metaspace:

Usage:
  Non-class:      6.89 MB used.
      Class:    674.62 KB used.
       Both:      7.55 MB used.

Virtual space:
  Non-class space:        8.00 MB reserved,       6.94 MB ( 87%) committed,  1 nodes.
      Class space:        1.00 GB reserved,     704.00 KB ( <1%) committed,  1 nodes.
             Both:        1.01 GB reserved,       7.62 MB ( <1%) committed. 

Chunk freelists:
   Non-Class:  814.00 KB
       Class:  3.20 MB
        Both:  4.00 MB

MaxMetaspaceSize: unlimited
CompressedClassSpaceSize: 1.00 GB
Initial GC threshold: 21.00 MB
Current GC threshold: 21.00 MB
CDS: off
MetaspaceReclaimPolicy: balanced
 - commit_granule_bytes: 65536.
 - commit_granule_words: 8192.
 - virtual_space_node_default_size: 1048576.
 - enlarge_chunks_in_place: 1.
 - new_chunks_are_fully_committed: 0.
 - uncommit_free_chunks: 1.
 - use_allocation_guard: 0.
 - handle_deallocations: 1.


Internal statistics:

num_allocs_failed_limit: 0.
num_arena_births: 12.
num_arena_deaths: 0.
num_vsnodes_births: 2.
num_vsnodes_deaths: 0.
num_space_committed: 122.
num_space_uncommitted: 0.
num_chunks_returned_to_freelist: 0.
num_chunks_taken_from_freelist: 51.
num_chunk_merges: 0.
num_chunk_splits: 23.
num_chunks_enlarged: 15.
num_purges: 0.
num_inconsistent_stats: 0.

CodeHeap 'non-profiled nmethods': size=120000Kb used=162Kb max_used=162Kb free=119837Kb
 bounds [0x000001f515b40000, 0x000001f515db0000, 0x000001f51d070000]
CodeHeap 'profiled nmethods': size=120000Kb used=812Kb max_used=812Kb free=119188Kb
 bounds [0x000001f50e610000, 0x000001f50e880000, 0x000001f515b40000]
CodeHeap 'non-nmethods': size=5760Kb used=1113Kb max_used=1118Kb free=4647Kb
 bounds [0x000001f50e070000, 0x000001f50e2e0000, 0x000001f50e610000]
 total_blobs=871 nmethods=480 adapters=304
 compilation: enabled
              stopped_count=0, restarted_count=0
 full_count=0

Compilation events (20 events):
Event: 0.579 Thread 0x000001f524c0db40  469       3       java.lang.System$2::newStringUTF8NoRepl (7 bytes)
Event: 0.579 Thread 0x000001f524c0db40 nmethod 469 0x000001f50e6d4490 code [0x000001f50e6d4620, 0x000001f50e6d4768]
Event: 0.579 Thread 0x000001f524c0db40  470       3       java.lang.String::newStringUTF8NoRepl (276 bytes)
Event: 0.580 Thread 0x000001f524c0db40 nmethod 470 0x000001f50e6d4810 code [0x000001f50e6d4ac0, 0x000001f50e6d5a48]
Event: 0.580 Thread 0x000001f524c0db40  474       3       sun.invoke.util.VerifyAccess::isTypeVisible (118 bytes)
Event: 0.581 Thread 0x000001f524c04170  479   !   4       java.nio.DirectByteBuffer::get (34 bytes)
Event: 0.581 Thread 0x000001f524c0db40 nmethod 474 0x000001f50e6d5f10 code [0x000001f50e6d6320, 0x000001f50e6d8338]
Event: 0.581 Thread 0x000001f524c0db40  477       3       jdk.internal.module.SystemModuleFinders$SystemImage::reader (4 bytes)
Event: 0.582 Thread 0x000001f524c0db40 nmethod 477 0x000001f50e6d8d10 code [0x000001f50e6d8ea0, 0x000001f50e6d8f98]
Event: 0.582 Thread 0x000001f524c0db40  478       3       jdk.internal.jimage.ImageReader::verifyLocation (14 bytes)
Event: 0.582 Thread 0x000001f524c0db40 nmethod 478 0x000001f50e6d9010 code [0x000001f50e6d91e0, 0x000001f50e6d94d8]
Event: 0.582 Thread 0x000001f524c0db40  475       3       jdk.internal.org.objectweb.asm.ByteVector::putByte (39 bytes)
Event: 0.582 Thread 0x000001f524c0db40 nmethod 475 0x000001f50e6d9610 code [0x000001f50e6d97c0, 0x000001f50e6d99a8]
Event: 0.582 Thread 0x000001f524c0db40  476       3       jdk.internal.org.objectweb.asm.SymbolTable$Entry::<init> (17 bytes)
Event: 0.582 Thread 0x000001f524c0db40 nmethod 476 0x000001f50e6d9b10 code [0x000001f50e6d9cc0, 0x000001f50e6d9e48]
Event: 0.582 Thread 0x000001f524c0db40  480       3       jdk.internal.module.SystemModuleFinders$SystemModuleReader::containsImageLocation (42 bytes)
Event: 0.582 Thread 0x000001f524c04170 nmethod 479 0x000001f515b68790 code [0x000001f515b68920, 0x000001f515b68a38]
Event: 0.582 Thread 0x000001f524c0db40 nmethod 480 0x000001f50e6d9f10 code [0x000001f50e6da120, 0x000001f50e6da778]
Event: 0.582 Thread 0x000001f524c0db40  471       3       java.util.zip.ZipUtils::LOCSIG (6 bytes)
Event: 0.583 Thread 0x000001f524c0db40 nmethod 471 0x000001f50e6daa10 code [0x000001f50e6dabc0, 0x000001f50e6dae98]

GC Heap History (0 events):
No events

Deoptimization events (16 events):
Event: 0.251 Thread 0x000001f5088ce8d0 Uncommon trap: trap_request=0xffffff45 fr.pc=0x000001f515b41378 relative=0x0000000000000078
Event: 0.251 Thread 0x000001f5088ce8d0 Uncommon trap: reason=unstable_if action=reinterpret pc=0x000001f515b41378 method=java.lang.String.isLatin1()Z @ 10 c2
Event: 0.251 Thread 0x000001f5088ce8d0 DEOPT PACKING pc=0x000001f515b41378 sp=0x000000b6e6dfed30
Event: 0.251 Thread 0x000001f5088ce8d0 DEOPT UNPACKING pc=0x000001f50e0c23a3 sp=0x000000b6e6dfec70 mode 2
Event: 0.311 Thread 0x000001f5088ce8d0 DEOPT PACKING pc=0x000001f50e619767 sp=0x000000b6e6dfd840
Event: 0.311 Thread 0x000001f5088ce8d0 DEOPT UNPACKING pc=0x000001f50e0c2b43 sp=0x000000b6e6dfcc60 mode 0
Event: 0.414 Thread 0x000001f5088ce8d0 DEOPT PACKING pc=0x000001f50e64bd54 sp=0x000000b6e6df9a30
Event: 0.414 Thread 0x000001f5088ce8d0 DEOPT UNPACKING pc=0x000001f50e0c2b43 sp=0x000000b6e6df8ee0 mode 0
Event: 0.483 Thread 0x000001f5088ce8d0 DEOPT PACKING pc=0x000001f50e62a565 sp=0x000000b6e6df81b0
Event: 0.483 Thread 0x000001f5088ce8d0 DEOPT UNPACKING pc=0x000001f50e0c2b43 sp=0x000000b6e6df7628 mode 0
Event: 0.496 Thread 0x000001f5088ce8d0 Uncommon trap: trap_request=0xffffff45 fr.pc=0x000001f515b49864 relative=0x0000000000000064
Event: 0.496 Thread 0x000001f5088ce8d0 Uncommon trap: reason=unstable_if action=reinterpret pc=0x000001f515b49864 method=java.io.WinNTFileSystem.isSlash(C)Z @ 9 c2
Event: 0.496 Thread 0x000001f5088ce8d0 DEOPT PACKING pc=0x000001f515b49864 sp=0x000000b6e6dfda40
Event: 0.496 Thread 0x000001f5088ce8d0 DEOPT UNPACKING pc=0x000001f50e0c23a3 sp=0x000000b6e6dfd9c8 mode 2
Event: 0.521 Thread 0x000001f5088ce8d0 DEOPT PACKING pc=0x000001f50e63b756 sp=0x000000b6e6dfca50
Event: 0.521 Thread 0x000001f5088ce8d0 DEOPT UNPACKING pc=0x000001f50e0c2b43 sp=0x000000b6e6dfbef0 mode 0

Classes unloaded (0 events):
No events

Classes redefined (0 events):
No events

Internal exceptions (2 events):
Event: 0.532 Thread 0x000001f5088ce8d0 Exception <a 'java/lang/NoSuchMethodError'{0x000000008924f2d0}: 'void java.lang.invoke.DirectMethodHandle$Holder.invokeStatic(java.lang.Object, java.lang.Object, java.lang.Object)'> (0x000000008924f2d0) 
thrown [e:\jenkins\tmp\workspace\build\src\src\hotspot\share\interpreter\linkResolver.cpp, line 766]
Event: 0.580 Thread 0x000001f5088ce8d0 Exception <a 'java/lang/NoSuchMethodError'{0x00000000892f7dd0}: 'java.lang.Object java.lang.invoke.DirectMethodHandle$Holder.invokeVirtual(java.lang.Object, java.lang.Object, java.lang.Object)'> (0x00000000892f7dd0) 
thrown [e:\jenkins\tmp\workspace\build\src\src\hotspot\share\interpreter\linkResolver.cpp, line 766]

VM Operations (4 events):
Event: 0.291 Executing VM operation: HandshakeAllThreads
Event: 0.291 Executing VM operation: HandshakeAllThreads done
Event: 0.496 Executing VM operation: HandshakeAllThreads
Event: 0.496 Executing VM operation: HandshakeAllThreads done

Events (20 events):
Event: 0.585 loading class java/util/function/BiFunction
Event: 0.585 loading class java/util/function/BiFunction done
Event: 0.585 loading class jdk/internal/util/Preconditions$1 done
Event: 0.585 loading class java/lang/invoke/VarHandleGuards
Event: 0.586 loading class java/lang/invoke/VarHandleGuards done
Event: 0.586 loading class java/lang/invoke/VarForm
Event: 0.586 loading class java/lang/invoke/VarForm done
Event: 0.586 loading class java/net/InetSocketAddress
Event: 0.587 loading class java/net/SocketAddress
Event: 0.587 loading class java/net/SocketAddress done
Event: 0.587 loading class java/net/InetSocketAddress done
Event: 0.587 loading class java/net/InetAddress
Event: 0.587 loading class java/net/InetAddress done
Event: 0.588 loading class java/net/InetAddress$1
Event: 0.588 loading class jdk/internal/access/JavaNetInetAddressAccess
Event: 0.588 loading class jdk/internal/access/JavaNetInetAddressAccess done
Event: 0.588 loading class java/net/InetAddress$1 done
Event: 0.588 loading class java/net/InetAddress$InetAddressHolder
Event: 0.588 loading class java/net/InetAddress$InetAddressHolder done
Event: 0.588 loading class java/util/concurrent/ConcurrentSkipListSet


Dynamic libraries:
0x00007ff6775d0000 - 0x00007ff6775de000 	C:\Users\usuario\Downloads\sts-4.13.1.RELEASE\plugins\org.eclipse.justj.openjdk.hotspot.jre.full.win32.x86_64_17.0.1.v20211116-1657\jre\bin\javaw.exe
0x00007ffaf3950000 - 0x00007ffaf3b45000 	C:\Windows\SYSTEM32\ntdll.dll
0x00007ffaf2420000 - 0x00007ffaf24de000 	C:\Windows\System32\KERNEL32.DLL
0x00007ffaf1580000 - 0x00007ffaf1848000 	C:\Windows\System32\KERNELBASE.dll
0x00007ffaf1210000 - 0x00007ffaf1310000 	C:\Windows\System32\ucrtbase.dll
0x00007ffac8910000 - 0x00007ffac8928000 	C:\Users\usuario\Downloads\sts-4.13.1.RELEASE\plugins\org.eclipse.justj.openjdk.hotspot.jre.full.win32.x86_64_17.0.1.v20211116-1657\jre\bin\jli.dll
0x00007ffaf1a10000 - 0x00007ffaf1bb0000 	C:\Windows\System32\USER32.dll
0x00007ffaf11b0000 - 0x00007ffaf11d2000 	C:\Windows\System32\win32u.dll
0x00007ffaf1bb0000 - 0x00007ffaf1bda000 	C:\Windows\System32\GDI32.dll
0x00007ffaf18a0000 - 0x00007ffaf19ab000 	C:\Windows\System32\gdi32full.dll
0x00007ffaf14e0000 - 0x00007ffaf157d000 	C:\Windows\System32\msvcp_win.dll
0x00007ffac5ed0000 - 0x00007ffac5ee9000 	C:\Users\usuario\Downloads\sts-4.13.1.RELEASE\plugins\org.eclipse.justj.openjdk.hotspot.jre.full.win32.x86_64_17.0.1.v20211116-1657\jre\bin\VCRUNTIME140.dll
0x00007ffadec40000 - 0x00007ffadeeda000 	C:\Windows\WinSxS\amd64_microsoft.windows.common-controls_6595b64144ccf1df_6.0.19041.1110_none_60b5254171f9507e\COMCTL32.dll
0x00007ffaf3870000 - 0x00007ffaf390e000 	C:\Windows\System32\msvcrt.dll
0x00007ffaf1be0000 - 0x00007ffaf1c10000 	C:\Windows\System32\IMM32.DLL
0x00007ffae0e80000 - 0x00007ffae0e8c000 	C:\Users\usuario\Downloads\sts-4.13.1.RELEASE\plugins\org.eclipse.justj.openjdk.hotspot.jre.full.win32.x86_64_17.0.1.v20211116-1657\jre\bin\vcruntime140_1.dll
0x00007ffac43c0000 - 0x00007ffac4451000 	C:\Users\usuario\Downloads\sts-4.13.1.RELEASE\plugins\org.eclipse.justj.openjdk.hotspot.jre.full.win32.x86_64_17.0.1.v20211116-1657\jre\bin\msvcp140.dll
0x00007ffa8a3f0000 - 0x00007ffa8b036000 	C:\Users\usuario\Downloads\sts-4.13.1.RELEASE\plugins\org.eclipse.justj.openjdk.hotspot.jre.full.win32.x86_64_17.0.1.v20211116-1657\jre\bin\server\jvm.dll
0x00007ffaf24f0000 - 0x00007ffaf259e000 	C:\Windows\System32\ADVAPI32.dll
0x00007ffaf1db0000 - 0x00007ffaf1e4c000 	C:\Windows\System32\sechost.dll
0x00007ffaf1e50000 - 0x00007ffaf1f75000 	C:\Windows\System32\RPCRT4.dll
0x00007ffaf2a30000 - 0x00007ffaf2a38000 	C:\Windows\System32\PSAPI.DLL
0x00007ffadd2b0000 - 0x00007ffadd2b9000 	C:\Windows\SYSTEM32\WSOCK32.dll
0x00007ffaf2810000 - 0x00007ffaf287b000 	C:\Windows\System32\WS2_32.dll
0x00007ffae9e90000 - 0x00007ffae9e9a000 	C:\Windows\SYSTEM32\VERSION.dll
0x00007ffadbf50000 - 0x00007ffadbf77000 	C:\Windows\SYSTEM32\WINMM.dll
0x00007ffaef920000 - 0x00007ffaef932000 	C:\Windows\SYSTEM32\kernel.appcore.dll
0x00007ffaec470000 - 0x00007ffaec47a000 	C:\Users\usuario\Downloads\sts-4.13.1.RELEASE\plugins\org.eclipse.justj.openjdk.hotspot.jre.full.win32.x86_64_17.0.1.v20211116-1657\jre\bin\jimage.dll
0x00007ffaeee80000 - 0x00007ffaef064000 	C:\Windows\SYSTEM32\DBGHELP.DLL
0x00007ffad7340000 - 0x00007ffad736c000 	C:\Windows\SYSTEM32\dbgcore.DLL
0x00007ffaf1120000 - 0x00007ffaf11a2000 	C:\Windows\System32\bcryptPrimitives.dll
0x00007ffad6e80000 - 0x00007ffad6ea5000 	C:\Users\usuario\Downloads\sts-4.13.1.RELEASE\plugins\org.eclipse.justj.openjdk.hotspot.jre.full.win32.x86_64_17.0.1.v20211116-1657\jre\bin\java.dll
0x00007ffadd960000 - 0x00007ffadd978000 	C:\Users\usuario\Downloads\sts-4.13.1.RELEASE\plugins\org.eclipse.justj.openjdk.hotspot.jre.full.win32.x86_64_17.0.1.v20211116-1657\jre\bin\zip.dll
0x00007ffaf2f10000 - 0x00007ffaf3654000 	C:\Windows\System32\SHELL32.dll
0x00007ffaef170000 - 0x00007ffaef904000 	C:\Windows\SYSTEM32\windows.storage.dll
0x00007ffaf2060000 - 0x00007ffaf23b4000 	C:\Windows\System32\combase.dll
0x00007ffaf0a70000 - 0x00007ffaf0a9c000 	C:\Windows\SYSTEM32\Wldp.dll
0x00007ffaf26d0000 - 0x00007ffaf277d000 	C:\Windows\System32\SHCORE.dll
0x00007ffaf19b0000 - 0x00007ffaf1a05000 	C:\Windows\System32\shlwapi.dll
0x00007ffaf0fb0000 - 0x00007ffaf0fcf000 	C:\Windows\SYSTEM32\profapi.dll
0x00007ffad0eb0000 - 0x00007ffad0ec9000 	C:\Users\usuario\Downloads\sts-4.13.1.RELEASE\plugins\org.eclipse.justj.openjdk.hotspot.jre.full.win32.x86_64_17.0.1.v20211116-1657\jre\bin\net.dll
0x00007ffadef30000 - 0x00007ffadf03a000 	C:\Windows\SYSTEM32\WINHTTP.dll
0x00007ffaf0770000 - 0x00007ffaf07da000 	C:\Windows\system32\mswsock.dll
0x00007ffad0e50000 - 0x00007ffad0e65000 	C:\Users\usuario\Downloads\sts-4.13.1.RELEASE\plugins\org.eclipse.justj.openjdk.hotspot.jre.full.win32.x86_64_17.0.1.v20211116-1657\jre\bin\nio.dll

dbghelp: loaded successfully - version: 4.0.5 - missing functions: none
symbol engine: initialized successfully - sym options: 0x614 - pdb path: .;C:\Users\usuario\Downloads\sts-4.13.1.RELEASE\plugins\org.eclipse.justj.openjdk.hotspot.jre.full.win32.x86_64_17.0.1.v20211116-1657\jre\bin;C:\Windows\SYSTEM32;C:\Windows\WinSxS\amd64_microsoft.windows.common-controls_6595b64144ccf1df_6.0.19041.1110_none_60b5254171f9507e;C:\Users\usuario\Downloads\sts-4.13.1.RELEASE\plugins\org.eclipse.justj.openjdk.hotspot.jre.full.win32.x86_64_17.0.1.v20211116-1657\jre\bin\server

VM Arguments:
jvm_args: -ea -Dfile.encoding=UTF-8 -XX:+ShowCodeDetailsInExceptionMessages 
java_command: org.eclipse.jdt.internal.junit.runner.RemoteTestRunner -version 3 -port 54800 -testLoaderClass org.eclipse.jdt.internal.junit5.runner.JUnit5TestLoader -loaderpluginname org.eclipse.jdt.junit5.runtime -classNames com.example.blogpessoal.controller.UsuarioControllerTest
java_class_path (initial): C:\Users\usuario\Documents\workspace-spring-tool-suite-4-4.13.1.RELEASE\blogpessoal\target\test-classes;C:\Users\usuario\Documents\workspace-spring-tool-suite-4-4.13.1.RELEASE\blogpessoal\target\classes;C:\Users\usuario\.m2\repository\org\springframework\boot\spring-boot-starter-data-jpa\2.6.7\spring-boot-starter-data-jpa-2.6.7.jar;C:\Users\usuario\.m2\repository\org\springframework\boot\spring-boot-starter-aop\2.6.7\spring-boot-starter-aop-2.6.7.jar;C:\Users\usuario\.m2\repository\org\aspectj\aspectjweaver\1.9.7\aspectjweaver-1.9.7.jar;C:\Users\usuario\.m2\repository\org\springframework\boot\spring-boot-starter-jdbc\2.6.7\spring-boot-starter-jdbc-2.6.7.jar;C:\Users\usuario\.m2\repository\com\zaxxer\HikariCP\4.0.3\HikariCP-4.0.3.jar;C:\Users\usuario\.m2\repository\org\springframework\spring-jdbc\5.3.19\spring-jdbc-5.3.19.jar;C:\Users\usuario\.m2\repository\jakarta\transaction\jakarta.transaction-api\1.3.3\jakarta.transaction-api-1.3.3.jar;C:\Users\usuario\.m2\repository\jakarta\persistence\jakarta.persistence-api\2.2.3\jakarta.persistence-api-2.2.3.jar;C:\Users\usuario\.m2\repository\org\hibernate\hibernate-core\5.6.8.Final\hibernate-core-5.6.8.Final.jar;C:\Users\usuario\.m2\repository\org\jboss\logging\jboss-logging\3.4.3.Final\jboss-logging-3.4.3.Final.jar;C:\Users\usuario\.m2\repository\net\bytebuddy\byte-buddy\1.11.22\byte-buddy-1.11.22.jar;C:\Users\usuario\.m2\repository\antlr\antlr\2.7.7\antlr-2.7.7.jar;C:\Users\usuario\.m2\repository\org\jboss\jandex\2.4.2.Final\jandex-2.4.2.Final.jar;C:\Users\usuario\.m2\repository\com\fasterxml\classmate\1.5.1\classmate-1.5.1.jar;C:\Users\usuario\.m2\repository\org\hibernate\common\hibernate-commons-annotations\5.1.2.Final\hibernate-commons-annotations-5.1.2.Final.jar;C:\Users\usuario\.m2\repository\org\glassfish\jaxb\jaxb-runtime\2.3.6\jaxb-runtime-2.3.6.jar;C:\Users\usuario\.m2\repository\org\glassfish\jaxb\txw2\2.3.6\txw2-2.3.6.jar;C:\Users\usuario\.m2\repository\com\sun\istack\istack-commons
Launcher Type: SUN_STANDARD

[Global flags]
     intx CICompilerCount                          = 3                                         {product} {ergonomic}
     uint ConcGCThreads                            = 1                                         {product} {ergonomic}
     uint G1ConcRefinementThreads                  = 4                                         {product} {ergonomic}
   size_t G1HeapRegionSize                         = 1048576                                   {product} {ergonomic}
    uintx GCDrainStackTargetSize                   = 64                                        {product} {ergonomic}
   size_t InitialHeapSize                          = 134217728                                 {product} {ergonomic}
   size_t MarkStackSize                            = 4194304                                   {product} {ergonomic}
   size_t MaxHeapSize                              = 2118123520                                {product} {ergonomic}
   size_t MaxNewSize                               = 1270874112                                {product} {ergonomic}
   size_t MinHeapDeltaBytes                        = 1048576                                   {product} {ergonomic}
   size_t MinHeapSize                              = 8388608                                   {product} {ergonomic}
    uintx NonNMethodCodeHeapSize                   = 5832780                                {pd product} {ergonomic}
    uintx NonProfiledCodeHeapSize                  = 122912730                              {pd product} {ergonomic}
    uintx ProfiledCodeHeapSize                     = 122912730                              {pd product} {ergonomic}
    uintx ReservedCodeCacheSize                    = 251658240                              {pd product} {ergonomic}
     bool SegmentedCodeCache                       = true                                      {product} {ergonomic}
     bool ShowCodeDetailsInExceptionMessages       = true                                   {manageable} {command line}
   size_t SoftMaxHeapSize                          = 2118123520                             {manageable} {ergonomic}
     bool UseCompressedClassPointers               = true                           {product lp64_product} {ergonomic}
     bool UseCompressedOops                        = true                           {product lp64_product} {ergonomic}
     bool UseG1GC                                  = true                                      {product} {ergonomic}
     bool UseLargePagesIndividualAllocation        = false                                  {pd product} {ergonomic}

Logging:
Log output configuration:
 #0: stdout all=warning uptime,level,tags
 #1: stderr all=off uptime,level,tags

Environment Variables:
JAVA_HOME=C:\Program Files\Java\zulu11.50.19-ca-jdk11.0.12-win_x64
PATH=C:/Users/usuario/Downloads/sts-4.13.1.RELEASE//plugins/org.eclipse.justj.openjdk.hotspot.jre.full.win32.x86_64_17.0.1.v20211116-1657/jre/bin/server;C:/Users/usuario/Downloads/sts-4.13.1.RELEASE//plugins/org.eclipse.justj.openjdk.hotspot.jre.full.win32.x86_64_17.0.1.v20211116-1657/jre/bin;C:\Program Files\Common Files\Oracle\Java\javapath;C:\Program Files\Java\zulu11.50.19-ca-jdk11.0.12-win_x64\bin;C:\Windows\system32;C:\Windows;C:\Windows\System32\Wbem;C:\Windows\System32\WindowsPowerShell\v1.0\;C:\Windows\System32\OpenSSH\;C:\Program Files (x86)\Intel\Intel(R) Management Engine Components\DAL;C:\Program Files\Intel\Intel(R) Management Engine Components\DAL;C:\ProgramData\UNIVALI\Portugol Studio;C:\xamppp\mysql\bin;C:\Program Files\Java\jdk1.8.0_321\bin;C:\Program Files\Git\cmd;C:\Program Files\nodejs\;C:\Users\usuario\AppData\Local\Microsoft\WindowsApps;;C:\Users\usuario\AppData\Local\Programs\Microsoft VS Code\bin;C:\Users\usuario\AppData\Roaming\npm;C:\Users\usuario\Downloads\sts-4.13.1.RELEASE;
USERNAME=usuario
OS=Windows_NT
PROCESSOR_IDENTIFIER=Intel64 Family 6 Model 142 Stepping 9, GenuineIntel



---------------  S Y S T E M  ---------------

OS:
 Windows 10 , 64 bit Build 19041 (10.0.19041.1645)
OS uptime: 1 days 21:21 hours

CPU: total 4 (initial active 4) (2 cores per cpu, 2 threads per core) family 6 model 142 stepping 9 microcode 0xea, cx8, cmov, fxsr, ht, mmx, 3dnowpref, sse, sse2, sse3, ssse3, sse4.1, sse4.2, popcnt, lzcnt, tsc, tscinvbit, avx, avx2, aes, erms, clmul, bmi1, bmi2, adx, fma, vzeroupper, clflush, clflushopt

Memory: 4k page, system-wide physical 8073M (1580M free)
TotalPageFile size 12169M (AvailPageFile size 4M)
current process WorkingSet (physical memory assigned to process): 56M, peak: 56M
current process commit charge ("private bytes"): 210M, peak: 210M

vm_info: OpenJDK 64-Bit Server VM (17.0.1+12) for windows-amd64 JRE (17.0.1+12), built on Oct 20 2021 07:42:55 by "" with MS VC++ 16.7 (VS2019)

END.
